<?xml version="1.0" encoding="UTF-8"?>
<testng-results ignored="0" total="2" passed="2" failed="0" skipped="0">
  <reporter-output>
  </reporter-output>
  <suite started-at="2019-08-18T11:48:47Z" name="Suite" finished-at="2019-08-18T11:48:47Z" duration-ms="193">
    <groups>
    </groups>
    <test started-at="2019-08-18T11:48:47Z" name="Test" finished-at="2019-08-18T11:48:47Z" duration-ms="193">
      <class name="com.Testng.Parametrization">
        <test-method signature="data(java.lang.String, java.lang.String, java.lang.String)[pri:0, instance:com.Testng.Parametrization@45f45fa1]" started-at="2019-08-18T11:48:47Z" name="data" data-provider="getData" finished-at="2019-08-18T11:48:47Z" duration-ms="106" status="PASS">
          <params>
            <param index="0">
              <value>
                <![CDATA[Pranav]]>
              </value>
            </param>
            <param index="1">
              <value>
                <![CDATA[Kanchan]]>
              </value>
            </param>
            <param index="2">
              <value>
                <![CDATA[abc@gmail.com]]>
              </value>
            </param>
          </params>
          <reporter-output>
          </reporter-output>
        </test-method> <!-- data -->
        <test-method signature="data(java.lang.String, java.lang.String, java.lang.String)[pri:0, instance:com.Testng.Parametrization@45f45fa1]" started-at="2019-08-18T11:48:47Z" name="data" data-provider="getData" finished-at="2019-08-18T11:48:47Z" duration-ms="3" status="PASS">
          <params>
            <param index="0">
              <value>
                <![CDATA[Kanchan]]>
              </value>
            </param>
            <param index="1">
              <value>
                <![CDATA[abc@gmail.com]]>
              </value>
            </param>
            <param index="2">
              <value>
                <![CDATA[abc@gmail.com]]>
              </value>
            </param>
          </params>
          <reporter-output>
          </reporter-output>
        </test-method> <!-- data -->
      </class> <!-- com.Testng.Parametrization -->
    </test> <!-- Test -->
  </suite> <!-- Suite -->
</testng-results>
